
> transparency-flights-tracker@0.1.0 start
> next start

▲ Next.js 16.1.6
- Local:         http://localhost:3000
- Network:       http://192.168.0.2:3000

✓ Starting...
✓ Ready in 1269ms
Error fetching flights: {
  message: 'TypeError: fetch failed',
  details: 'TypeError: fetch failed\n' +
    '\n' +
    'Caused by: Error: getaddrinfo ENOTFOUND example.supabase.co (ENOTFOUND)\n' +
    'Error: getaddrinfo ENOTFOUND example.supabase.co\n' +
    '    at GetAddrInfoReqWrap.onlookupall [as oncomplete] (node:dns:122:26)\n' +
    '    at GetAddrInfoReqWrap.callbackTrampoline (node:internal/async_hooks:130:17)',
  hint: '',
  code: ''
}
Error fetching leaderboard: {
  message: 'TypeError: fetch failed',
  details: 'TypeError: fetch failed\n' +
    '\n' +
    'Caused by: Error: getaddrinfo ENOTFOUND example.supabase.co (ENOTFOUND)\n' +
    'Error: getaddrinfo ENOTFOUND example.supabase.co\n' +
    '    at GetAddrInfoReqWrap.onlookupall [as oncomplete] (node:dns:122:26)\n' +
    '    at GetAddrInfoReqWrap.callbackTrampoline (node:internal/async_hooks:130:17)',
  hint: '',
  code: ''
}
(node:4991) [DEP0060] DeprecationWarning: The `util._extend` API is deprecated. Please use Object.assign() instead.
(Use `node --trace-deprecation ...` to show where the warning was created)
